[debug] [2022-08-03T21:24:48.832Z] ----------------------------------------------------------------------
[debug] [2022-08-03T21:24:48.833Z] Command:       /usr/local/bin/node /usr/local/bin/firebase --debug emulators:start
[debug] [2022-08-03T21:24:48.834Z] CLI Version:   11.4.2
[debug] [2022-08-03T21:24:48.834Z] Platform:      darwin
[debug] [2022-08-03T21:24:48.834Z] Node Version:  v16.16.0
[debug] [2022-08-03T21:24:48.835Z] Time:          Wed Aug 03 2022 17:24:48 GMT-0400 (Eastern Daylight Time)
[debug] [2022-08-03T21:24:48.835Z] ----------------------------------------------------------------------
[debug] 
[debug] [2022-08-03T21:24:48.882Z] > command requires scopes: ["email","openid","https://www.googleapis.com/auth/cloudplatformprojects.readonly","https://www.googleapis.com/auth/firebase","https://www.googleapis.com/auth/cloud-platform"]
[debug] [2022-08-03T21:24:48.883Z] > authorizing via signed-in user (narenanand23@gmail.com)
[info] i  emulators: Starting emulators: hosting {"metadata":{"emulator":{"name":"hub"},"message":"Starting emulators: hosting"}}
[debug] [2022-08-03T21:24:48.915Z] [hub] writing locator at /var/folders/s1/p2lw2tlx1rv2vrqf6g2wtg4m0000gp/T/hub-portfolio-bf3e6.json
[info] i  emulators: Shutting down emulators. {"metadata":{"emulator":{"name":"hub"},"message":"Shutting down emulators."}}
[info] i  hub: Stopping emulator hub {"metadata":{"emulator":{"name":"hub"},"message":"Stopping emulator hub"}}
[warn] ⚠  hosting: Port 5000 is not open on localhost, could not start Hosting Emulator. {"metadata":{"emulator":{"name":"hosting"},"message":"Port 5000 is not open on localhost, could not start Hosting Emulator."}}
[warn] ⚠  hosting: To select a different host/port, specify that host/port in a firebase.json config file:
      {
        // ...
        "emulators": {
          "hosting": {
            "host": "HOST",
            "port": "PORT"
          }
        }
      } {"metadata":{"emulator":{"name":"hosting"},"message":"To select a different host/port, specify that host/port in a firebase.json config file:\n      {\n        // ...\n        \"emulators\": {\n          \"hosting\": {\n            \"host\": \"\u001b[33mHOST\u001b[39m\",\n            \"port\": \"\u001b[33mPORT\u001b[39m\"\n          }\n        }\n      }"}}
[info] i  emulators: Shutting down emulators. {"metadata":{"emulator":{"name":"hub"},"message":"Shutting down emulators."}}
[error] 
[error] Error: Could not start Hosting Emulator, port taken.
